Start testing: May 06 20:54 UTC
----------------------------------------------------------
1/5 Testing: bubblesort
1/5 Test: bubblesort
Command: "/home/pcsdocker/Data/EsercitazioniPCS_2026/esercitazione5/build_debug/test_bubblesort"
Directory: /home/pcsdocker/Data/EsercitazioniPCS_2026/esercitazione5/build_debug
"bubblesort" start time: May 06 20:54 UTC
Output:
----------------------------------------------------------
<end of output>
Test time =  10.34 sec
----------------------------------------------------------
Test Passed.
"bubblesort" end time: May 06 20:54 UTC
"bubblesort" time elapsed: 00:00:10
----------------------------------------------------------

2/5 Testing: insertionsort
2/5 Test: insertionsort
Command: "/home/pcsdocker/Data/EsercitazioniPCS_2026/esercitazione5/build_debug/test_insertionsort"
Directory: /home/pcsdocker/Data/EsercitazioniPCS_2026/esercitazione5/build_debug
"insertionsort" start time: May 06 20:54 UTC
Output:
----------------------------------------------------------
<end of output>
Test time =   2.44 sec
----------------------------------------------------------
Test Passed.
"insertionsort" end time: May 06 20:54 UTC
"insertionsort" time elapsed: 00:00:02
----------------------------------------------------------

3/5 Testing: selectionsort
3/5 Test: selectionsort
Command: "/home/pcsdocker/Data/EsercitazioniPCS_2026/esercitazione5/build_debug/test_selectionsort"
Directory: /home/pcsdocker/Data/EsercitazioniPCS_2026/esercitazione5/build_debug
"selectionsort" start time: May 06 20:54 UTC
Output:
----------------------------------------------------------
<end of output>
Test time =   3.57 sec
----------------------------------------------------------
Test Passed.
"selectionsort" end time: May 06 20:54 UTC
"selectionsort" time elapsed: 00:00:03
----------------------------------------------------------

4/5 Testing: quicksort
4/5 Test: quicksort
Command: "/home/pcsdocker/Data/EsercitazioniPCS_2026/esercitazione5/build_debug/test_quicksort"
Directory: /home/pcsdocker/Data/EsercitazioniPCS_2026/esercitazione5/build_debug
"quicksort" start time: May 06 20:54 UTC
Output:
----------------------------------------------------------
<end of output>
Test time =   0.07 sec
----------------------------------------------------------
Test Passed.
"quicksort" end time: May 06 20:54 UTC
"quicksort" time elapsed: 00:00:00
----------------------------------------------------------

5/5 Testing: mergesort
5/5 Test: mergesort
Command: "/home/pcsdocker/Data/EsercitazioniPCS_2026/esercitazione5/build_debug/test_mergesort"
Directory: /home/pcsdocker/Data/EsercitazioniPCS_2026/esercitazione5/build_debug
"mergesort" start time: May 06 20:54 UTC
Output:
----------------------------------------------------------
<end of output>
Test time =   0.14 sec
----------------------------------------------------------
Test Passed.
"mergesort" end time: May 06 20:54 UTC
"mergesort" time elapsed: 00:00:00
----------------------------------------------------------

End testing: May 06 20:54 UTC
